{"D:\\Projects\\my-portfolio\\src\\components\\aboutme.jsx": {"path":"D:\\Projects\\my-portfolio\\src\\components\\aboutme.jsx","statementMap":{"0":{"start":{"line":6,"column":4},"end":{"line":6,"column":17}},"1":{"start":{"line":7,"column":4},"end":{"line":7,"column":20}},"2":{"start":{"line":11,"column":4},"end":{"line":22,"column":6}}},"fnMap":{"0":{"name":"(anonymous_0)","decl":{"start":{"line":5,"column":2},"end":{"line":5,"column":3}},"loc":{"start":{"line":5,"column":21},"end":{"line":8,"column":3}},"line":5},"1":{"name":"(anonymous_1)","decl":{"start":{"line":10,"column":2},"end":{"line":10,"column":3}},"loc":{"start":{"line":10,"column":11},"end":{"line":23,"column":3}},"line":10}},"branchMap":{},"s":{"0":1,"1":1,"2":1},"f":{"0":1,"1":1},"b":{},"_coverageSchema":"332fd63041d2c1bcb487cc26dd0d5f7d97098a6c","hash":"e4abb73cd0c5abb28ca0469ac157309147bf668c"}
,"D:\\Projects\\my-portfolio\\src\\components\\builtwith.jsx": {"path":"D:\\Projects\\my-portfolio\\src\\components\\builtwith.jsx","statementMap":{"0":{"start":{"line":6,"column":18},"end":{"line":17,"column":1}},"1":{"start":{"line":7,"column":2},"end":{"line":16,"column":12}},"2":{"start":{"line":13,"column":8},"end":{"line":13,"column":33}},"3":{"start":{"line":19,"column":0},"end":{"line":21,"column":2}}},"fnMap":{"0":{"name":"(anonymous_0)","decl":{"start":{"line":6,"column":18},"end":{"line":6,"column":19}},"loc":{"start":{"line":7,"column":2},"end":{"line":16,"column":12}},"line":7},"1":{"name":"(anonymous_1)","decl":{"start":{"line":12,"column":16},"end":{"line":12,"column":17}},"loc":{"start":{"line":13,"column":8},"end":{"line":13,"column":33}},"line":13}},"branchMap":{},"s":{"0":1,"1":1,"2":3,"3":1},"f":{"0":1,"1":3},"b":{},"_coverageSchema":"332fd63041d2c1bcb487cc26dd0d5f7d97098a6c","hash":"2bf1287c8f77585e72d288ceeab41ca26f8b4d0c"}
,"D:\\Projects\\my-portfolio\\src\\components\\description.jsx": {"path":"D:\\Projects\\my-portfolio\\src\\components\\description.jsx","statementMap":{"0":{"start":{"line":6,"column":27},"end":{"line":13,"column":1}},"1":{"start":{"line":15,"column":27},"end":{"line":20,"column":1}},"2":{"start":{"line":19,"column":17},"end":{"line":19,"column":43}},"3":{"start":{"line":23,"column":20},"end":{"line":29,"column":1}},"4":{"start":{"line":24,"column":2},"end":{"line":28,"column":23}},"5":{"start":{"line":31,"column":0},"end":{"line":34,"column":2}}},"fnMap":{"0":{"name":"(anonymous_0)","decl":{"start":{"line":19,"column":11},"end":{"line":19,"column":12}},"loc":{"start":{"line":19,"column":17},"end":{"line":19,"column":43}},"line":19},"1":{"name":"(anonymous_1)","decl":{"start":{"line":23,"column":20},"end":{"line":23,"column":21}},"loc":{"start":{"line":24,"column":2},"end":{"line":28,"column":23}},"line":24}},"branchMap":{"0":{"loc":{"start":{"line":19,"column":17},"end":{"line":19,"column":43}},"type":"cond-expr","locations":[{"start":{"line":19,"column":27},"end":{"line":19,"column":34}},{"start":{"line":19,"column":37},"end":{"line":19,"column":43}}],"line":19}},"s":{"0":2,"1":2,"2":0,"3":2,"4":1,"5":2},"f":{"0":0,"1":1},"b":{"0":[0,0]},"_coverageSchema":"332fd63041d2c1bcb487cc26dd0d5f7d97098a6c","hash":"38359c8674ec4defa5f3061cd803e1c8cdcedaa5"}
,"D:\\Projects\\my-portfolio\\src\\components\\experience.jsx": {"path":"D:\\Projects\\my-portfolio\\src\\components\\experience.jsx","statementMap":{"0":{"start":{"line":10,"column":17},"end":{"line":12,"column":1}},"1":{"start":{"line":14,"column":19},"end":{"line":55,"column":1}},"2":{"start":{"line":17,"column":2},"end":{"line":54,"column":12}},"3":{"start":{"line":57,"column":0},"end":{"line":62,"column":2}}},"fnMap":{"0":{"name":"(anonymous_0)","decl":{"start":{"line":14,"column":19},"end":{"line":14,"column":20}},"loc":{"start":{"line":17,"column":2},"end":{"line":54,"column":12}},"line":17}},"branchMap":{},"s":{"0":1,"1":1,"2":1,"3":1},"f":{"0":1},"b":{},"_coverageSchema":"332fd63041d2c1bcb487cc26dd0d5f7d97098a6c","hash":"2be2c510c2a9c3ef6d8479d7fac863b720abdabe"}
,"D:\\Projects\\my-portfolio\\src\\components\\footer.jsx": {"path":"D:\\Projects\\my-portfolio\\src\\components\\footer.jsx","statementMap":{"0":{"start":{"line":8,"column":19},"end":{"line":50,"column":1}},"1":{"start":{"line":9,"column":2},"end":{"line":49,"column":11}}},"fnMap":{"0":{"name":"(anonymous_0)","decl":{"start":{"line":8,"column":19},"end":{"line":8,"column":20}},"loc":{"start":{"line":9,"column":2},"end":{"line":49,"column":11}},"line":9}},"branchMap":{},"s":{"0":1,"1":1},"f":{"0":1},"b":{},"_coverageSchema":"332fd63041d2c1bcb487cc26dd0d5f7d97098a6c","hash":"49bcf8791ca2141aa0474162067cbe11e9651579"}
,"D:\\Projects\\my-portfolio\\src\\components\\header.jsx": {"path":"D:\\Projects\\my-portfolio\\src\\components\\header.jsx","statementMap":{"0":{"start":{"line":6,"column":15},"end":{"line":33,"column":1}},"1":{"start":{"line":7,"column":2},"end":{"line":32,"column":8}},"2":{"start":{"line":35,"column":0},"end":{"line":37,"column":2}}},"fnMap":{"0":{"name":"(anonymous_0)","decl":{"start":{"line":6,"column":15},"end":{"line":6,"column":16}},"loc":{"start":{"line":7,"column":2},"end":{"line":32,"column":8}},"line":7}},"branchMap":{},"s":{"0":1,"1":1,"2":1},"f":{"0":1},"b":{},"_coverageSchema":"332fd63041d2c1bcb487cc26dd0d5f7d97098a6c","hash":"4684153dcfeaf03e9c79a2e31712c393fbbf94e5"}
,"D:\\Projects\\my-portfolio\\src\\components\\hero.jsx": {"path":"D:\\Projects\\my-portfolio\\src\\components\\hero.jsx","statementMap":{"0":{"start":{"line":11,"column":13},"end":{"line":27,"column":1}},"1":{"start":{"line":29,"column":21},"end":{"line":35,"column":1}},"2":{"start":{"line":39,"column":4},"end":{"line":39,"column":17}},"3":{"start":{"line":40,"column":4},"end":{"line":40,"column":20}},"4":{"start":{"line":41,"column":4},"end":{"line":44,"column":6}},"5":{"start":{"line":48,"column":52},"end":{"line":48,"column":62}},"6":{"start":{"line":49,"column":4},"end":{"line":81,"column":6}},"7":{"start":{"line":85,"column":0},"end":{"line":89,"column":2}}},"fnMap":{"0":{"name":"(anonymous_0)","decl":{"start":{"line":38,"column":2},"end":{"line":38,"column":3}},"loc":{"start":{"line":38,"column":21},"end":{"line":45,"column":3}},"line":38},"1":{"name":"(anonymous_1)","decl":{"start":{"line":47,"column":2},"end":{"line":47,"column":3}},"loc":{"start":{"line":47,"column":11},"end":{"line":82,"column":3}},"line":47}},"branchMap":{},"s":{"0":1,"1":1,"2":1,"3":1,"4":1,"5":1,"6":1,"7":1},"f":{"0":1,"1":1},"b":{},"_coverageSchema":"332fd63041d2c1bcb487cc26dd0d5f7d97098a6c","hash":"1fe3b4f51bc08856b2d8af206cbece886b72cf3f"}
,"D:\\Projects\\my-portfolio\\src\\components\\navbar.jsx": {"path":"D:\\Projects\\my-portfolio\\src\\components\\navbar.jsx","statementMap":{"0":{"start":{"line":7,"column":20},"end":{"line":11,"column":1}},"1":{"start":{"line":13,"column":18},"end":{"line":16,"column":1}},"2":{"start":{"line":20,"column":4},"end":{"line":20,"column":17}},"3":{"start":{"line":21,"column":4},"end":{"line":21,"column":20}},"4":{"start":{"line":22,"column":4},"end":{"line":25,"column":6}},"5":{"start":{"line":29,"column":27},"end":{"line":29,"column":37}},"6":{"start":{"line":30,"column":4},"end":{"line":49,"column":6}},"7":{"start":{"line":53,"column":0},"end":{"line":55,"column":2}}},"fnMap":{"0":{"name":"(anonymous_0)","decl":{"start":{"line":19,"column":2},"end":{"line":19,"column":3}},"loc":{"start":{"line":19,"column":21},"end":{"line":26,"column":3}},"line":19},"1":{"name":"(anonymous_1)","decl":{"start":{"line":28,"column":2},"end":{"line":28,"column":3}},"loc":{"start":{"line":28,"column":11},"end":{"line":50,"column":3}},"line":28}},"branchMap":{},"s":{"0":2,"1":2,"2":1,"3":1,"4":1,"5":1,"6":1,"7":2},"f":{"0":1,"1":1},"b":{},"_coverageSchema":"332fd63041d2c1bcb487cc26dd0d5f7d97098a6c","hash":"e3740e49e43b4d517b175e7f2c3606d1d397431a"}
,"D:\\Projects\\my-portfolio\\src\\components\\profile.jsx": {"path":"D:\\Projects\\my-portfolio\\src\\components\\profile.jsx","statementMap":{"0":{"start":{"line":9,"column":16},"end":{"line":24,"column":1}},"1":{"start":{"line":10,"column":2},"end":{"line":23,"column":12}},"2":{"start":{"line":26,"column":0},"end":{"line":28,"column":2}}},"fnMap":{"0":{"name":"(anonymous_0)","decl":{"start":{"line":9,"column":16},"end":{"line":9,"column":17}},"loc":{"start":{"line":10,"column":2},"end":{"line":23,"column":12}},"line":10}},"branchMap":{},"s":{"0":2,"1":1,"2":2},"f":{"0":1},"b":{},"_coverageSchema":"332fd63041d2c1bcb487cc26dd0d5f7d97098a6c","hash":"2377257a003642a5f95855a7d169e1d826ceaaee"}
,"D:\\Projects\\my-portfolio\\src\\components\\projects.jsx": {"path":"D:\\Projects\\my-portfolio\\src\\components\\projects.jsx","statementMap":{"0":{"start":{"line":1,"column":0},"end":{"line":null,"column":-1}},"1":{"start":{"line":2,"column":0},"end":{"line":null,"column":-1}},"2":{"start":{"line":3,"column":0},"end":{"line":null,"column":-1}},"3":{"start":{"line":6,"column":0},"end":{"line":null,"column":-1}},"4":{"start":{"line":7,"column":0},"end":{"line":null,"column":-1}},"5":{"start":{"line":8,"column":0},"end":{"line":null,"column":-1}},"6":{"start":{"line":11,"column":0},"end":{"line":null,"column":-1}},"7":{"start":{"line":28,"column":23},"end":{"line":28,"column":0}},"8":{"start":{"line":43,"column":21},"end":{"line":null,"column":-1}},"9":{"start":{"line":45,"column":4},"end":{"line":null,"column":-1}},"10":{"start":{"line":49,"column":4},"end":{"line":59,"column":5}},"11":{"start":{"line":50,"column":17},"end":{"line":50,"column":6}},"12":{"start":{"line":51,"column":6},"end":{"line":null,"column":-1}},"13":{"start":{"line":58,"column":6},"end":{"line":null,"column":-1}},"14":{"start":{"line":63,"column":21},"end":{"line":62,"column":11}},"15":{"start":{"line":64,"column":4},"end":{"line":null,"column":-1}},"16":{"start":{"line":70,"column":22},"end":{"line":null,"column":-1}},"17":{"start":{"line":126,"column":0},"end":{"line":null,"column":-1}}},"fnMap":{"0":{"name":"Projects","decl":{"start":{"line":43,"column":2},"end":{"line":43,"column":13}},"loc":{"start":{"line":43,"column":21},"end":{"line":46,"column":3}}},"1":{"name":"(anonymous_11)","decl":{"start":{"line":70,"column":22},"end":{"line":null,"column":-1}},"loc":{"start":{"line":70,"column":22},"end":{"line":70,"column":13}}}},"branchMap":{"0":{"loc":{"start":{"line":43,"column":21},"end":{"line":44,"column":9}},"type":"binary-expr","locations":[{"start":{"line":43,"column":21},"end":{"line":44,"column":9}},{"start":{"line":43,"column":21},"end":{"line":44,"column":9}}]}},"s":{"0":0,"1":0,"2":0,"3":0,"4":0,"5":0,"6":0,"7":0,"8":0,"9":0,"10":0,"11":0,"12":0,"13":0,"14":0,"15":0,"16":0,"17":0},"f":{"0":0,"1":0},"b":{"0":[0,0]}}
,"D:\\Projects\\my-portfolio\\src\\components\\section-header.jsx": {"path":"D:\\Projects\\my-portfolio\\src\\components\\section-header.jsx","statementMap":{"0":{"start":{"line":5,"column":15},"end":{"line":15,"column":1}},"1":{"start":{"line":10,"column":16},"end":{"line":10,"column":23}},"2":{"start":{"line":17,"column":22},"end":{"line":21,"column":1}},"3":{"start":{"line":18,"column":2},"end":{"line":20,"column":11}},"4":{"start":{"line":23,"column":0},"end":{"line":26,"column":2}},"5":{"start":{"line":28,"column":0},"end":{"line":30,"column":2}}},"fnMap":{"0":{"name":"(anonymous_0)","decl":{"start":{"line":10,"column":11},"end":{"line":10,"column":12}},"loc":{"start":{"line":10,"column":16},"end":{"line":10,"column":23}},"line":10},"1":{"name":"(anonymous_1)","decl":{"start":{"line":17,"column":22},"end":{"line":17,"column":23}},"loc":{"start":{"line":18,"column":2},"end":{"line":20,"column":11}},"line":18}},"branchMap":{},"s":{"0":3,"1":0,"2":3,"3":1,"4":3,"5":3},"f":{"0":0,"1":1},"b":{},"_coverageSchema":"332fd63041d2c1bcb487cc26dd0d5f7d97098a6c","hash":"72f9376edd1400e1e5773b9464b76faf8b6ac227"}
,"D:\\Projects\\my-portfolio\\src\\components\\shapes.jsx": {"path":"D:\\Projects\\my-portfolio\\src\\components\\shapes.jsx","statementMap":{"0":{"start":{"line":6,"column":20},"end":{"line":12,"column":1}},"1":{"start":{"line":16,"column":4},"end":{"line":16,"column":17}},"2":{"start":{"line":17,"column":4},"end":{"line":18,"column":6}},"3":{"start":{"line":22,"column":4},"end":{"line":26,"column":6}},"4":{"start":{"line":30,"column":19},"end":{"line":38,"column":1}},"5":{"start":{"line":31,"column":2},"end":{"line":37,"column":11}},"6":{"start":{"line":33,"column":6},"end":{"line":35,"column":18}},"7":{"start":{"line":40,"column":0},"end":{"line":42,"column":2}}},"fnMap":{"0":{"name":"(anonymous_0)","decl":{"start":{"line":15,"column":2},"end":{"line":15,"column":3}},"loc":{"start":{"line":15,"column":21},"end":{"line":19,"column":3}},"line":15},"1":{"name":"(anonymous_1)","decl":{"start":{"line":21,"column":2},"end":{"line":21,"column":3}},"loc":{"start":{"line":21,"column":11},"end":{"line":27,"column":3}},"line":21},"2":{"name":"(anonymous_2)","decl":{"start":{"line":30,"column":19},"end":{"line":30,"column":20}},"loc":{"start":{"line":31,"column":2},"end":{"line":37,"column":11}},"line":31},"3":{"name":"(anonymous_3)","decl":{"start":{"line":32,"column":21},"end":{"line":32,"column":22}},"loc":{"start":{"line":33,"column":6},"end":{"line":35,"column":18}},"line":33}},"branchMap":{},"s":{"0":2,"1":0,"2":0,"3":0,"4":2,"5":1,"6":1,"7":2},"f":{"0":0,"1":0,"2":1,"3":1},"b":{},"_coverageSchema":"332fd63041d2c1bcb487cc26dd0d5f7d97098a6c","hash":"0a00d28cdfd85f9a0688a334dd6d4c68ab02fe12"}
,"D:\\Projects\\my-portfolio\\src\\components\\social.jsx": {"path":"D:\\Projects\\my-portfolio\\src\\components\\social.jsx","statementMap":{"0":{"start":{"line":10,"column":4},"end":{"line":10,"column":17}},"1":{"start":{"line":11,"column":4},"end":{"line":11,"column":20}},"2":{"start":{"line":15,"column":4},"end":{"line":73,"column":6}}},"fnMap":{"0":{"name":"(anonymous_0)","decl":{"start":{"line":9,"column":2},"end":{"line":9,"column":3}},"loc":{"start":{"line":9,"column":21},"end":{"line":12,"column":3}},"line":9},"1":{"name":"(anonymous_1)","decl":{"start":{"line":14,"column":2},"end":{"line":14,"column":3}},"loc":{"start":{"line":14,"column":11},"end":{"line":74,"column":3}},"line":14}},"branchMap":{},"s":{"0":1,"1":1,"2":1},"f":{"0":1,"1":1},"b":{},"_coverageSchema":"332fd63041d2c1bcb487cc26dd0d5f7d97098a6c","hash":"160cf8cc87c12dab08021334e49a65f115cac52a"}
,"D:\\Projects\\my-portfolio\\src\\components\\tools.jsx": {"path":"D:\\Projects\\my-portfolio\\src\\components\\tools.jsx","statementMap":{"0":{"start":{"line":9,"column":4},"end":{"line":9,"column":17}},"1":{"start":{"line":10,"column":4},"end":{"line":10,"column":20}},"2":{"start":{"line":14,"column":15},"end":{"line":14,"column":38}},"3":{"start":{"line":15,"column":4},"end":{"line":20,"column":7}},"4":{"start":{"line":24,"column":4},"end":{"line":69,"column":6}}},"fnMap":{"0":{"name":"(anonymous_0)","decl":{"start":{"line":8,"column":2},"end":{"line":8,"column":3}},"loc":{"start":{"line":8,"column":21},"end":{"line":11,"column":3}},"line":8},"1":{"name":"(anonymous_1)","decl":{"start":{"line":13,"column":2},"end":{"line":13,"column":3}},"loc":{"start":{"line":13,"column":22},"end":{"line":21,"column":3}},"line":13},"2":{"name":"(anonymous_2)","decl":{"start":{"line":23,"column":2},"end":{"line":23,"column":3}},"loc":{"start":{"line":23,"column":11},"end":{"line":70,"column":3}},"line":23}},"branchMap":{},"s":{"0":1,"1":1,"2":1,"3":1,"4":1},"f":{"0":1,"1":1,"2":1},"b":{},"_coverageSchema":"332fd63041d2c1bcb487cc26dd0d5f7d97098a6c","hash":"10580faa9497f032038feef1cafdd88025b4cd95"}
}
