TN:
SF:D:\Projects\my-portfolio\src\components\aboutme.jsx
FN:5,(anonymous_0)
FN:10,(anonymous_1)
FNF:2
FNH:2
FNDA:1,(anonymous_0)
FNDA:1,(anonymous_1)
DA:6,1
DA:7,1
DA:11,1
LF:3
LH:3
BRF:0
BRH:0
end_of_record
TN:
SF:D:\Projects\my-portfolio\src\components\builtwith.jsx
FN:6,(anonymous_0)
FN:12,(anonymous_1)
FNF:2
FNH:2
FNDA:1,(anonymous_0)
FNDA:3,(anonymous_1)
DA:6,1
DA:7,1
DA:13,3
DA:19,1
LF:4
LH:4
BRF:0
BRH:0
end_of_record
TN:
SF:D:\Projects\my-portfolio\src\components\clock.jsx
FN:6,(anonymous_0)
FN:13,(anonymous_1)
FN:14,(anonymous_2)
FN:21,(anonymous_3)
FNF:4
FNH:3
FNDA:1,(anonymous_0)
FNDA:1,(anonymous_1)
FNDA:0,(anonymous_2)
FNDA:1,(anonymous_3)
DA:7,1
DA:8,1
DA:14,1
DA:15,0
DA:22,1
DA:23,1
LF:6
LH:5
BRF:0
BRH:0
end_of_record
TN:
SF:D:\Projects\my-portfolio\src\components\description.jsx
FN:20,(anonymous_0)
FN:24,(anonymous_1)
FNF:2
FNH:1
FNDA:0,(anonymous_0)
FNDA:1,(anonymous_1)
DA:6,2
DA:15,2
DA:20,0
DA:24,2
DA:25,1
DA:32,2
LF:6
LH:5
BRDA:20,0,0,0
BRDA:20,0,1,0
BRF:2
BRH:0
end_of_record
TN:
SF:D:\Projects\my-portfolio\src\components\experience.jsx
FN:15,(anonymous_0)
FNF:1
FNH:1
FNDA:1,(anonymous_0)
DA:11,1
DA:15,1
DA:18,1
DA:58,1
LF:4
LH:4
BRF:0
BRH:0
end_of_record
TN:
SF:D:\Projects\my-portfolio\src\components\footer.jsx
FN:8,(anonymous_0)
FNF:1
FNH:1
FNDA:1,(anonymous_0)
DA:8,1
DA:9,1
LF:2
LH:2
BRF:0
BRH:0
end_of_record
TN:
SF:D:\Projects\my-portfolio\src\components\hero.jsx
FN:25,(anonymous_0)
FN:33,(anonymous_1)
FNF:2
FNH:2
FNDA:1,(anonymous_0)
FNDA:1,(anonymous_1)
DA:12,1
DA:16,1
DA:26,1
DA:27,1
DA:28,1
DA:34,1
DA:35,1
DA:82,1
LF:8
LH:8
BRF:0
BRH:0
end_of_record
TN:
SF:D:\Projects\my-portfolio\src\components\navbar.jsx
FN:19,(anonymous_0)
FN:28,(anonymous_1)
FNF:2
FNH:2
FNDA:1,(anonymous_0)
FNDA:1,(anonymous_1)
DA:7,2
DA:13,2
DA:20,1
DA:21,1
DA:22,1
DA:29,1
DA:30,1
DA:53,2
LF:8
LH:8
BRF:0
BRH:0
end_of_record
TN:
SF:D:\Projects\my-portfolio\src\components\profile-image.jsx
FN:9,(anonymous_0)
FNF:1
FNH:0
FNDA:0,(anonymous_0)
DA:9,1
DA:10,0
DA:35,1
LF:3
LH:2
BRF:0
BRH:0
end_of_record
TN:
SF:D:\Projects\my-portfolio\src\components\profile.jsx
FN:7,(anonymous_0)
FNF:1
FNH:1
FNDA:1,(anonymous_0)
DA:7,2
DA:8,1
LF:2
LH:2
BRF:0
BRH:0
end_of_record
TN:
SF:D:\Projects\my-portfolio\src\components\projects.jsx
FN:44,Projects
FN:71,(anonymous_11)
FNF:2
FNH:0
FNDA:0,Projects
FNDA:0,(anonymous_11)
DA:1,0
DA:2,0
DA:3,0
DA:7,0
DA:8,0
DA:9,0
DA:10,0
DA:12,0
DA:29,0
DA:44,0
DA:46,0
DA:47,0
DA:64,0
DA:65,0
DA:71,0
DA:127,0
LF:16
LH:0
BRDA:44,0,0,0
BRDA:44,0,1,0
BRF:2
BRH:0
end_of_record
TN:
SF:D:\Projects\my-portfolio\src\components\section-header.jsx
FN:11,(anonymous_0)
FN:18,(anonymous_1)
FNF:2
FNH:1
FNDA:0,(anonymous_0)
FNDA:1,(anonymous_1)
DA:5,3
DA:11,0
DA:18,3
DA:19,1
DA:24,3
DA:29,3
LF:6
LH:5
BRF:0
BRH:0
end_of_record
TN:
SF:D:\Projects\my-portfolio\src\components\shapes.jsx
FN:16,(anonymous_0)
FN:22,(anonymous_1)
FN:31,(anonymous_2)
FN:33,(anonymous_3)
FNF:4
FNH:2
FNDA:0,(anonymous_0)
FNDA:0,(anonymous_1)
FNDA:1,(anonymous_2)
FNDA:1,(anonymous_3)
DA:7,2
DA:17,0
DA:18,0
DA:23,0
DA:31,2
DA:32,1
DA:34,1
DA:41,2
LF:8
LH:5
BRF:0
BRH:0
end_of_record
TN:
SF:D:\Projects\my-portfolio\src\components\social.jsx
FN:8,(anonymous_0)
FN:13,(anonymous_1)
FNF:2
FNH:2
FNDA:1,(anonymous_0)
FNDA:1,(anonymous_1)
DA:9,1
DA:10,1
DA:14,1
LF:3
LH:3
BRF:0
BRH:0
end_of_record
TN:
SF:D:\Projects\my-portfolio\src\components\techskills.jsx
FN:11,TechSkills
FNF:1
FNH:0
FNDA:0,TechSkills
DA:1,0
DA:2,0
DA:4,0
DA:5,0
DA:6,0
DA:7,0
DA:8,0
DA:11,0
DA:13,0
DA:14,0
DA:27,0
DA:28,0
DA:47,0
LF:13
LH:0
BRDA:11,0,0,0
BRDA:11,0,1,0
BRF:2
BRH:0
end_of_record
TN:
SF:D:\Projects\my-portfolio\src\components\tools.jsx
FN:9,(anonymous_0)
FN:15,(anonymous_1)
FN:24,(anonymous_2)
FNF:3
FNH:3
FNDA:1,(anonymous_0)
FNDA:1,(anonymous_1)
FNDA:1,(anonymous_2)
DA:10,1
DA:11,1
DA:12,1
DA:25,1
LF:4
LH:4
BRF:0
BRH:0
end_of_record
