TN:
SF:D:\Projects\my-portfolio\src\components\aboutme.jsx
FN:5,AboutMe
FNF:1
FNH:1
FNDA:1,AboutMe
DA:6,1
LF:1
LH:1
BRF:0
BRH:0
end_of_record
TN:
SF:D:\Projects\my-portfolio\src\components\builtwith.jsx
FN:6,BuiltWith
FN:12,(anonymous_2)
FNF:2
FNH:0
FNDA:0,BuiltWith
FNDA:0,(anonymous_2)
DA:1,0
DA:2,0
DA:3,0
DA:6,0
DA:12,0
DA:19,0
LF:6
LH:0
BRF:0
BRH:0
end_of_record
TN:
SF:D:\Projects\my-portfolio\src\components\clock.jsx
FN:6,Clock
FN:14,(anonymous_10)
FNF:2
FNH:0
FNDA:0,Clock
FNDA:0,(anonymous_10)
DA:1,0
DA:2,0
DA:3,0
DA:6,0
DA:8,0
DA:13,0
DA:14,0
DA:15,0
DA:22,0
DA:23,0
LF:10
LH:0
BRDA:6,0,0,0
BRDA:6,0,1,0
BRF:2
BRH:0
end_of_record
TN:
SF:D:\Projects\my-portfolio\src\components\description.jsx
FN:20,(anonymous_2)
FN:24,Description
FNF:2
FNH:0
FNDA:0,(anonymous_2)
FNDA:0,Description
DA:1,0
DA:2,0
DA:3,0
DA:6,0
DA:15,0
DA:20,0
DA:24,0
DA:32,0
LF:8
LH:0
BRDA:20,0,0,0
BRDA:20,0,1,0
BRF:2
BRH:0
end_of_record
TN:
SF:D:\Projects\my-portfolio\src\components\experience.jsx
FN:15,Experience
FNF:1
FNH:0
FNDA:0,Experience
DA:1,0
DA:2,0
DA:3,0
DA:4,0
DA:5,0
DA:8,0
DA:9,0
DA:11,0
DA:15,0
DA:58,0
LF:10
LH:0
BRF:0
BRH:0
end_of_record
TN:
SF:D:\Projects\my-portfolio\src\components\footer.jsx
FN:8,FooterView
FNF:1
FNH:0
FNDA:0,FooterView
DA:1,0
DA:2,0
DA:3,0
DA:4,0
DA:8,0
LF:5
LH:0
BRF:0
BRH:0
end_of_record
TN:
SF:D:\Projects\my-portfolio\src\components\hero.jsx
FN:25,(anonymous_0)
FN:33,(anonymous_1)
FNF:2
FNH:2
FNDA:1,(anonymous_0)
FNDA:1,(anonymous_1)
DA:12,1
DA:16,1
DA:26,1
DA:27,1
DA:28,1
DA:34,1
DA:35,1
DA:82,1
LF:8
LH:8
BRF:0
BRH:0
end_of_record
TN:
SF:D:\Projects\my-portfolio\src\components\navbar.jsx
FN:19,(anonymous_0)
FN:28,(anonymous_1)
FNF:2
FNH:0
FNDA:0,(anonymous_0)
FNDA:0,(anonymous_1)
DA:7,1
DA:13,1
DA:20,0
DA:21,0
DA:22,0
DA:29,0
DA:30,0
DA:53,1
LF:8
LH:3
BRF:0
BRH:0
end_of_record
TN:
SF:D:\Projects\my-portfolio\src\components\profile-image.jsx
FN:9,(anonymous_0)
FNF:1
FNH:0
FNDA:0,(anonymous_0)
DA:9,1
DA:10,0
DA:35,1
LF:3
LH:2
BRF:0
BRH:0
end_of_record
TN:
SF:D:\Projects\my-portfolio\src\components\profile.jsx
FN:7,(anonymous_0)
FNF:1
FNH:0
FNDA:0,(anonymous_0)
DA:7,1
DA:8,0
LF:2
LH:1
BRF:0
BRH:0
end_of_record
TN:
SF:D:\Projects\my-portfolio\src\components\projects.jsx
FN:44,Projects
FN:71,(anonymous_11)
FNF:2
FNH:0
FNDA:0,Projects
FNDA:0,(anonymous_11)
DA:1,0
DA:2,0
DA:3,0
DA:7,0
DA:8,0
DA:9,0
DA:10,0
DA:12,0
DA:29,0
DA:44,0
DA:46,0
DA:47,0
DA:64,0
DA:65,0
DA:71,0
DA:127,0
LF:16
LH:0
BRDA:44,0,0,0
BRDA:44,0,1,0
BRF:2
BRH:0
end_of_record
TN:
SF:D:\Projects\my-portfolio\src\components\section-header.jsx
FN:11,(anonymous_2)
FN:18,SectionHeader
FNF:2
FNH:0
FNDA:0,(anonymous_2)
FNDA:0,SectionHeader
DA:1,0
DA:2,0
DA:3,0
DA:5,0
DA:11,0
DA:18,0
DA:24,0
DA:29,0
LF:8
LH:0
BRF:0
BRH:0
end_of_record
TN:
SF:D:\Projects\my-portfolio\src\components\shapes.jsx
FN:16,(anonymous_0)
FN:22,(anonymous_1)
FN:31,(anonymous_2)
FN:33,(anonymous_3)
FNF:4
FNH:0
FNDA:0,(anonymous_0)
FNDA:0,(anonymous_1)
FNDA:0,(anonymous_2)
FNDA:0,(anonymous_3)
DA:7,1
DA:17,0
DA:18,0
DA:23,0
DA:31,1
DA:32,0
DA:34,0
DA:41,1
LF:8
LH:3
BRF:0
BRH:0
end_of_record
TN:
SF:D:\Projects\my-portfolio\src\components\social.jsx
FN:8,(anonymous_0)
FN:13,(anonymous_1)
FNF:2
FNH:0
FNDA:0,(anonymous_0)
FNDA:0,(anonymous_1)
DA:9,0
DA:10,0
DA:14,0
LF:3
LH:0
BRF:0
BRH:0
end_of_record
TN:
SF:D:\Projects\my-portfolio\src\components\techskills.jsx
FN:11,TechSkills
FNF:1
FNH:0
FNDA:0,TechSkills
DA:1,0
DA:2,0
DA:4,0
DA:5,0
DA:6,0
DA:7,0
DA:8,0
DA:11,0
DA:13,0
DA:14,0
DA:27,0
DA:28,0
DA:47,0
LF:13
LH:0
BRDA:11,0,0,0
BRDA:11,0,1,0
BRF:2
BRH:0
end_of_record
TN:
SF:D:\Projects\my-portfolio\src\components\tools.jsx
FN:9,Skills
FNF:1
FNH:0
FNDA:0,Skills
DA:1,0
DA:3,0
DA:4,0
DA:5,0
DA:6,0
DA:9,0
DA:11,0
DA:12,0
DA:25,0
LF:9
LH:0
BRDA:9,0,0,0
BRDA:9,0,1,0
BRF:2
BRH:0
end_of_record
